2024-05-10 22:28:23 - __main__ - INFO - YA SE INICIO EL SISTEMA
2024-05-10 22:28:24 - __main__ - INFO - SE BORRO TODO IPTABLES
2024-05-10 22:28:24 - __main__ - INFO - se ejecuto EL ARCHIVO DE IPTABLES
2024-05-10 22:29:35 - __main__ - INFO - YA SE INICIO EL SISTEMA
2024-05-10 22:29:35 - __main__ - INFO - SE BORRO TODO IPTABLES
2024-05-10 22:29:35 - __main__ - INFO - se ejecuto EL ARCHIVO DE IPTABLES
2024-05-13 17:32:17 - __main__ - INFO - YA SE INICIO EL SISTEMA
2024-05-13 17:33:13 - __main__ - INFO - YA SE INICIO EL SISTEMA
2024-05-13 17:33:31 - __main__ - INFO - YA SE INICIO EL SISTEMA
2024-05-13 17:33:31 - __main__ - INFO - SE BORRO TODO IPTABLES
2024-05-13 17:33:31 - __main__ - INFO - se ejecuto EL ARCHIVO DE IPTABLES
2024-05-13 17:34:06 - __main__ - INFO - YA SE INICIO EL SISTEMA
2024-05-13 17:34:07 - __main__ - INFO - SE BORRO TODO IPTABLES
2024-05-13 17:34:07 - __main__ - INFO - se ejecuto EL ARCHIVO DE IPTABLES
2024-05-13 17:45:53 - __main__ - INFO - YA SE INICIO EL SISTEMA
2024-05-13 17:45:54 - __main__ - INFO - SE BORRO TODO IPTABLES
2024-05-13 17:45:54 - __main__ - INFO - se ejecuto EL ARCHIVO DE IPTABLES
2024-05-13 17:51:21 - __main__ - INFO - YA SE INICIO EL SISTEMA
2024-05-13 17:51:21 - __main__ - INFO - SE BORRO TODO IPTABLES
2024-05-13 17:51:21 - __main__ - INFO - se ejecuto EL ARCHIVO DE IPTABLES
2024-05-13 18:18:37 - __main__ - INFO - YA SE INICIO EL SISTEMA
2024-05-13 18:18:39 - __main__ - INFO - SE BORRO TODO IPTABLES
2024-05-13 18:18:39 - __main__ - INFO - se ejecuto EL ARCHIVO DE IPTABLES
2024-05-13 18:18:40 - __main__ - INFO - NO SE EJECUTO EL ARCHIVO DE IPTABLES
2024-05-13 18:19:06 - __main__ - INFO - YA SE INICIO EL SISTEMA
2024-05-13 18:19:06 - __main__ - INFO - SE BORRO TODO IPTABLES
2024-05-13 18:19:06 - __main__ - INFO - se ejecuto EL ARCHIVO DE IPTABLES
2024-05-13 18:19:07 - __main__ - INFO - NO SE EJECUTO EL ARCHIVO DE IPTABLES
2024-05-13 18:19:47 - __main__ - INFO - YA SE INICIO EL SISTEMA
2024-05-13 18:19:47 - __main__ - INFO - SE BORRO TODO IPTABLES
2024-05-13 18:19:47 - __main__ - INFO - se ejecuto EL ARCHIVO DE IPTABLES
2024-05-13 18:19:52 - __main__ - INFO - YA SE INICIO EL SISTEMA
2024-05-13 18:19:52 - __main__ - INFO - SE BORRO TODO IPTABLES
2024-05-13 18:19:52 - __main__ - INFO - se ejecuto EL ARCHIVO DE IPTABLES
2024-05-13 18:26:40 - __main__ - INFO - Se ha insertado un registro dentro de exusuarios
2024-05-13 19:32:21 - __main__ - INFO - YA SE INICIO EL SISTEMA
2024-05-13 19:32:22 - __main__ - INFO - SE BORRO TODO IPTABLES
2024-05-13 19:32:22 - __main__ - INFO - se ejecuto EL ARCHIVO DE IPTABLES
2024-05-13 19:34:15 - __main__ - INFO - YA SE INICIO EL SISTEMA
2024-05-13 19:34:15 - __main__ - INFO - SE BORRO TODO IPTABLES
2024-05-13 19:34:15 - __main__ - INFO - se ejecuto EL ARCHIVO DE IPTABLES
2024-05-13 19:34:16 - __main__ - INFO - Se ha insertado un registro dentro de exusuarios
2024-05-13 20:40:17 - __main__ - INFO - YA SE INICIO EL SISTEMA
2024-05-13 20:40:20 - __main__ - INFO - SE BORRO TODO IPTABLES
2024-05-13 20:40:20 - __main__ - INFO - se ejecuto EL ARCHIVO DE IPTABLES
2024-05-13 20:41:09 - __main__ - INFO - YA SE INICIO EL SISTEMA
2024-05-13 20:41:09 - __main__ - INFO - SE BORRO TODO IPTABLES
2024-05-13 20:41:09 - __main__ - INFO - se ejecuto EL ARCHIVO DE IPTABLES
2024-05-13 20:41:21 - __main__ - INFO - YA SE INICIO EL SISTEMA
2024-05-13 20:41:21 - __main__ - INFO - SE BORRO TODO IPTABLES
2024-05-13 20:41:21 - __main__ - INFO - se ejecuto EL ARCHIVO DE IPTABLES
2024-05-13 20:41:27 - __main__ - INFO - YA SE INICIO EL SISTEMA
2024-05-13 20:41:27 - __main__ - INFO - SE BORRO TODO IPTABLES
2024-05-13 20:41:27 - __main__ - INFO - se ejecuto EL ARCHIVO DE IPTABLES
2024-05-14 15:26:20 - __main__ - INFO - YA SE INICIO EL SISTEMA
2024-05-14 15:26:27 - __main__ - INFO - SE BORRO TODO IPTABLES
2024-05-14 15:26:27 - __main__ - INFO - se ejecuto EL ARCHIVO DE IPTABLES
2024-05-14 15:38:11 - __main__ - INFO - YA SE INICIO EL SISTEMA
2024-05-14 15:38:12 - __main__ - INFO - SE BORRO TODO IPTABLES
2024-05-14 15:38:12 - __main__ - INFO - se ejecuto EL ARCHIVO DE IPTABLES
2024-05-14 15:39:37 - __main__ - INFO - YA SE INICIO EL SISTEMA
2024-05-14 15:39:38 - __main__ - INFO - SE BORRO TODO IPTABLES
2024-05-14 15:39:38 - __main__ - INFO - se ejecuto EL ARCHIVO DE IPTABLES
2024-05-14 15:39:38 - __main__ - INFO - NO SE EJECUTO EL ARCHIVO DE IPTABLES
2024-05-14 15:42:26 - __main__ - INFO - YA SE INICIO EL SISTEMA
2024-05-14 15:42:29 - __main__ - INFO - SE BORRO TODO IPTABLES
2024-05-14 15:42:29 - __main__ - INFO - se ejecuto EL ARCHIVO DE IPTABLES
2024-05-14 16:06:08 - __main__ - INFO - YA SE INICIO EL SISTEMA
2024-05-14 16:21:10 - __main__ - INFO - YA SE INICIO EL SISTEMA
2024-05-14 16:21:28 - __main__ - INFO - YA SE INICIO EL SISTEMA
2024-05-14 16:22:02 - __main__ - INFO - YA SE INICIO EL SISTEMA
2024-05-14 16:22:03 - __main__ - INFO - SE BORRO TODO IPTABLES
2024-05-14 16:22:03 - __main__ - INFO - se ejecuto EL ARCHIVO DE IPTABLES
2024-05-14 16:23:17 - __main__ - INFO - YA SE INICIO EL SISTEMA
2024-05-14 16:23:18 - __main__ - INFO - SE BORRO TODO IPTABLES
2024-05-14 16:23:18 - __main__ - INFO - se ejecuto EL ARCHIVO DE IPTABLES
2024-05-14 16:24:19 - __main__ - INFO - YA SE INICIO EL SISTEMA
2024-05-14 16:24:19 - __main__ - INFO - SE BORRO TODO IPTABLES
2024-05-14 16:24:19 - __main__ - INFO - se ejecuto EL ARCHIVO DE IPTABLES
2024-05-14 16:24:50 - __main__ - INFO - YA SE INICIO EL SISTEMA
2024-05-14 16:24:50 - __main__ - INFO - SE BORRO TODO IPTABLES
2024-05-14 16:24:50 - __main__ - INFO - se ejecuto EL ARCHIVO DE IPTABLES
2024-05-14 16:39:02 - __main__ - INFO - YA SE INICIO EL SISTEMA
2024-05-14 16:39:02 - __main__ - INFO - SE BORRO TODO IPTABLES
2024-05-14 16:39:03 - __main__ - INFO - se ejecuto EL ARCHIVO DE IPTABLES
2024-05-14 16:42:14 - __main__ - INFO - YA SE INICIO EL SISTEMA
2024-05-14 16:42:15 - __main__ - INFO - SE BORRO TODO IPTABLES
2024-05-14 16:42:15 - __main__ - INFO - se ejecuto EL ARCHIVO DE IPTABLES
2024-05-14 16:43:08 - __main__ - INFO - Se ha insertado un registro dentro de exusuarios
2024-05-14 18:41:25 - __main__ - INFO - Se borro la velocidad del tc
2024-05-14 18:41:25 - __main__ - INFO - Se borro la marca
2024-05-14 18:41:25 - __main__ - INFO - se puso la segunda marca
2024-05-14 18:41:25 - __main__ - INFO - Se borro el registro
2024-05-14 18:41:25 - __main__ - INFO - Se inserto en antiguos usuarios
2024-05-14 19:15:26 - __main__ - INFO - YA SE INICIO EL SISTEMA
2024-05-14 19:15:29 - __main__ - INFO - SE BORRO TODO IPTABLES
2024-05-14 19:15:29 - __main__ - INFO - se ejecuto EL ARCHIVO DE IPTABLES
2024-05-14 19:15:30 - __main__ - INFO - Se ha insertado un registro dentro de exusuarios
2024-05-15 17:28:09 - __main__ - INFO - YA SE INICIO EL SISTEMA
2024-05-15 17:28:12 - __main__ - INFO - SE BORRO TODO IPTABLES
2024-05-15 17:28:12 - __main__ - INFO - se ejecuto EL ARCHIVO DE IPTABLES
2024-05-15 17:28:15 - __main__ - INFO - Se borro la velocidad del tc
2024-05-15 17:28:15 - __main__ - INFO - Se borro la marca
2024-05-15 17:28:15 - __main__ - INFO - se puso la segunda marca
2024-05-15 17:28:15 - __main__ - INFO - Se borro el registro
2024-05-15 17:28:16 - __main__ - INFO - Se inserto en antiguos usuarios
2024-05-15 17:37:40 - __main__ - INFO - Se ha insertado un registro dentro de exusuarios
2024-05-15 17:49:01 - __main__ - INFO - YA SE INICIO EL SISTEMA
2024-05-15 17:49:02 - __main__ - INFO - SE BORRO TODO IPTABLES
2024-05-15 17:49:02 - __main__ - INFO - se ejecuto EL ARCHIVO DE IPTABLES
2024-05-15 17:52:00 - __main__ - INFO - Se ha insertado un registro dentro de exusuarios
2024-05-15 17:56:26 - __main__ - INFO - Se borro la velocidad del tc
2024-05-15 17:56:26 - __main__ - INFO - Se borro la marca
2024-05-15 17:56:26 - __main__ - INFO - se puso la segunda marca
2024-05-15 17:56:26 - __main__ - INFO - Se borro el registro
2024-05-15 17:56:26 - __main__ - INFO - Se inserto en antiguos usuarios
2024-05-15 18:25:25 - __main__ - INFO - Se ha insertado un registro dentro de exusuarios
2024-05-15 18:35:48 - __main__ - INFO - Se ha insertado un registro dentro de exusuarios
2024-05-15 18:49:59 - __main__ - INFO - Se borro la velocidad del tc
2024-05-15 18:49:59 - __main__ - INFO - Se borro la marca
2024-05-15 18:49:59 - __main__ - INFO - se puso la segunda marca
2024-05-15 18:49:59 - __main__ - INFO - Se borro el registro
2024-05-15 18:49:59 - __main__ - INFO - Se inserto en antiguos usuarios
2024-05-15 19:54:14 - __main__ - INFO - YA SE INICIO EL SISTEMA
2024-05-15 19:54:19 - __main__ - INFO - SE BORRO TODO IPTABLES
2024-05-15 19:54:19 - __main__ - INFO - se ejecuto EL ARCHIVO DE IPTABLES
2024-05-15 19:54:24 - __main__ - INFO - Se borro la velocidad del tc
2024-05-15 19:54:24 - __main__ - INFO - Se borro la marca
2024-05-15 19:54:24 - __main__ - INFO - se puso la segunda marca
2024-05-15 19:54:24 - __main__ - INFO - Se borro el registro
2024-05-15 19:54:24 - __main__ - INFO - Se inserto en antiguos usuarios
2024-05-15 19:59:40 - __main__ - INFO - Se ha insertado un registro dentro de exusuarios
2024-05-15 21:05:53 - __main__ - INFO - Se ha insertado un registro dentro de exusuarios
2024-05-15 21:09:52 - __main__ - INFO - Se borro la velocidad del tc
2024-05-15 21:09:52 - __main__ - INFO - Se borro la marca
2024-05-15 21:09:52 - __main__ - INFO - se puso la segunda marca
2024-05-15 21:09:52 - __main__ - INFO - Se borro el registro
2024-05-15 21:09:52 - __main__ - INFO - Se inserto en antiguos usuarios
2024-05-15 21:14:07 - __main__ - INFO - Se ha insertado un registro dentro de exusuarios
2024-05-15 21:19:02 - __main__ - INFO - Se borro la velocidad del tc
2024-05-15 21:19:02 - __main__ - INFO - Se borro la marca
2024-05-15 21:19:02 - __main__ - INFO - se puso la segunda marca
2024-05-15 21:19:02 - __main__ - INFO - Se borro el registro
2024-05-15 21:19:02 - __main__ - INFO - Se inserto en antiguos usuarios
2024-05-15 21:25:26 - __main__ - INFO - Se ha insertado un registro dentro de exusuarios
2024-05-15 21:25:38 - __main__ - INFO - Se borro la velocidad del tc
2024-05-15 21:25:38 - __main__ - INFO - Se borro la marca
2024-05-15 21:25:38 - __main__ - INFO - se puso la segunda marca
2024-05-15 21:25:38 - __main__ - INFO - Se borro el registro
2024-05-15 21:25:38 - __main__ - INFO - Se inserto en antiguos usuarios
2024-05-15 22:05:05 - __main__ - INFO - Se ha insertado un registro dentro de exusuarios
2024-05-15 22:05:33 - __main__ - INFO - Se borro la velocidad del tc
2024-05-15 22:05:33 - __main__ - INFO - Se borro la marca
2024-05-15 22:05:33 - __main__ - INFO - se puso la segunda marca
2024-05-15 22:05:33 - __main__ - INFO - Se borro el registro
2024-05-15 22:05:33 - __main__ - INFO - Se inserto en antiguos usuarios
2024-05-15 22:09:01 - __main__ - INFO - Se ha insertado un registro dentro de exusuarios
2024-05-15 22:09:13 - __main__ - INFO - Se borro la velocidad del tc
2024-05-15 22:09:13 - __main__ - INFO - Se borro la marca
2024-05-15 22:09:13 - __main__ - INFO - se puso la segunda marca
2024-05-15 22:09:13 - __main__ - INFO - Se borro el registro
2024-05-15 22:09:13 - __main__ - INFO - Se inserto en antiguos usuarios
2024-05-15 22:11:47 - __main__ - INFO - Se ha insertado un registro dentro de exusuarios
2024-05-15 22:12:01 - __main__ - INFO - Se borro la velocidad del tc
2024-05-15 22:12:01 - __main__ - INFO - Se borro la marca
2024-05-15 22:12:01 - __main__ - INFO - se puso la segunda marca
2024-05-15 22:12:01 - __main__ - INFO - Se borro el registro
2024-05-15 22:12:01 - __main__ - INFO - Se inserto en antiguos usuarios
2024-05-15 22:12:05 - __main__ - INFO - No se pudo borrar de trafic control despues de eliminar usuarios
2024-05-15 22:12:05 - __main__ - INFO - Se borro la marca
2024-05-15 22:12:05 - __main__ - INFO - se puso la segunda marca
2024-05-15 22:12:05 - __main__ - INFO - Se borro el registro
2024-05-15 22:12:05 - __main__ - INFO - Se inserto en antiguos usuarios
2024-05-15 22:17:16 - __main__ - INFO - Se ha insertado un registro dentro de exusuarios
2024-05-15 22:17:30 - __main__ - INFO - Se borro la velocidad del tc
2024-05-15 22:17:30 - __main__ - INFO - Se borro la marca
2024-05-15 22:17:30 - __main__ - INFO - se puso la segunda marca
2024-05-15 22:17:30 - __main__ - INFO - Se borro el registro
2024-05-15 22:17:30 - __main__ - INFO - Se inserto en antiguos usuarios
2024-05-15 22:21:49 - __main__ - INFO - Se ha insertado un registro dentro de exusuarios
2024-05-15 22:21:56 - __main__ - INFO - Se borro la velocidad del tc
2024-05-15 22:21:56 - __main__ - INFO - Se borro la marca
2024-05-15 22:21:56 - __main__ - INFO - se puso la segunda marca
2024-05-15 22:21:56 - __main__ - INFO - Se borro el registro
2024-05-15 22:21:56 - __main__ - INFO - Se inserto en antiguos usuarios
2024-05-15 22:52:21 - __main__ - INFO - Se ha insertado un registro dentro de exusuarios
2024-05-15 22:53:09 - __main__ - INFO - Se borro la velocidad del tc
2024-05-15 22:53:09 - __main__ - INFO - Se borro la marca
2024-05-15 22:53:09 - __main__ - INFO - se puso la segunda marca
2024-05-15 22:53:09 - __main__ - INFO - Se borro el registro
2024-05-15 22:53:09 - __main__ - INFO - Se inserto en antiguos usuarios
2024-05-16 00:38:03 - __main__ - INFO - YA SE INICIO EL SISTEMA
2024-05-16 00:38:06 - __main__ - INFO - SE BORRO TODO IPTABLES
2024-05-16 00:38:06 - __main__ - INFO - se ejecuto EL ARCHIVO DE IPTABLES
2024-05-16 00:40:16 - __main__ - INFO - se ha marcado la mac
2024-05-16 00:40:16 - __main__ - INFO - Se ha insertado un registro dentro de exusuarios
2024-05-17 15:13:11 - __main__ - INFO - YA SE INICIO EL SISTEMA
2024-05-17 15:13:14 - __main__ - INFO - SE BORRO TODO IPTABLES
2024-05-17 15:13:14 - __main__ - INFO - se ejecuto EL ARCHIVO DE IPTABLES
2024-05-17 15:13:16 - __main__ - INFO - se ha ingresado el paquete de tc
2024-05-17 15:13:17 - __main__ - INFO - Se borro la velocidad del tc
2024-05-17 15:13:17 - __main__ - INFO - Se borro la marca
2024-05-17 15:13:17 - __main__ - INFO - se puso la segunda marca
2024-05-17 15:13:17 - __main__ - INFO - Se borro el registro
2024-05-17 15:13:17 - __main__ - INFO - Se inserto en antiguos usuarios
2024-05-17 15:19:28 - __main__ - INFO - YA SE INICIO EL SISTEMA
2024-05-17 15:19:29 - __main__ - INFO - SE BORRO TODO IPTABLES
2024-05-17 15:19:29 - __main__ - INFO - se ejecuto EL ARCHIVO DE IPTABLES
2024-05-17 15:20:32 - __main__ - INFO - se ha marcado la mac
2024-05-17 15:20:32 - __main__ - INFO - Se ha insertado un registro dentro de exusuarios
2024-05-17 15:20:32 - __main__ - INFO - se ha marcado la mac
2024-05-17 15:20:32 - __main__ - INFO - Se ha insertado un registro dentro de exusuarios
2024-05-17 15:20:32 - __main__ - INFO - se ha marcado la mac
2024-05-17 15:20:32 - __main__ - INFO - Se ha insertado un registro dentro de exusuarios
2024-05-17 15:20:32 - __main__ - INFO - se ha marcado la mac
2024-05-17 15:20:32 - __main__ - INFO - Se ha insertado un registro dentro de exusuarios
2024-05-17 15:20:32 - __main__ - INFO - se ha marcado la mac
2024-05-17 15:20:32 - __main__ - INFO - Se ha insertado un registro dentro de exusuarios
2024-05-17 15:20:32 - __main__ - INFO - se ha marcado la mac
2024-05-17 15:20:32 - __main__ - INFO - Se ha insertado un registro dentro de exusuarios
2024-05-17 15:20:32 - __main__ - INFO - se ha marcado la mac
2024-05-17 15:20:32 - __main__ - INFO - Se ha insertado un registro dentro de exusuarios
2024-05-17 15:20:32 - __main__ - INFO - se ha marcado la mac
2024-05-17 15:20:32 - __main__ - INFO - Se ha insertado un registro dentro de exusuarios
2024-05-17 15:20:33 - __main__ - INFO - se ha marcado la mac
2024-05-17 15:20:33 - __main__ - INFO - Se ha insertado un registro dentro de exusuarios
2024-05-17 15:20:33 - __main__ - INFO - se ha marcado la mac
2024-05-17 15:20:33 - __main__ - INFO - Se ha insertado un registro dentro de exusuarios
2024-05-17 15:20:33 - __main__ - INFO - se ha marcado la mac
2024-05-17 15:20:33 - __main__ - INFO - Se ha insertado un registro dentro de exusuarios
2024-05-17 15:20:33 - __main__ - INFO - se ha marcado la mac
2024-05-17 15:20:33 - __main__ - INFO - Se ha insertado un registro dentro de exusuarios
2024-05-17 15:20:33 - __main__ - INFO - se ha marcado la mac
2024-05-17 15:20:33 - __main__ - INFO - Se ha insertado un registro dentro de exusuarios
2024-05-17 15:20:33 - __main__ - INFO - se ha marcado la mac
2024-05-17 15:20:33 - __main__ - INFO - Se ha insertado un registro dentro de exusuarios
2024-05-17 15:20:33 - __main__ - INFO - se ha marcado la mac
2024-05-17 15:20:33 - __main__ - INFO - Se ha insertado un registro dentro de exusuarios
2024-05-17 15:20:33 - __main__ - INFO - se ha marcado la mac
2024-05-17 15:20:33 - __main__ - INFO - Se ha insertado un registro dentro de exusuarios
2024-05-17 15:20:33 - __main__ - INFO - se ha marcado la mac
2024-05-17 15:20:33 - __main__ - INFO - Se ha insertado un registro dentro de exusuarios
2024-05-17 15:20:33 - __main__ - INFO - se ha marcado la mac
2024-05-17 15:20:33 - __main__ - INFO - Se ha insertado un registro dentro de exusuarios
2024-05-17 15:20:33 - __main__ - INFO - se ha marcado la mac
2024-05-17 15:20:33 - __main__ - INFO - Se ha insertado un registro dentro de exusuarios
2024-05-17 15:20:33 - __main__ - INFO - se ha marcado la mac
2024-05-17 15:20:33 - __main__ - INFO - Se ha insertado un registro dentro de exusuarios
2024-05-17 15:20:34 - __main__ - INFO - se ha marcado la mac
2024-05-17 15:20:34 - __main__ - INFO - Se ha insertado un registro dentro de exusuarios
2024-05-17 15:20:34 - __main__ - INFO - se ha marcado la mac
2024-05-17 15:20:34 - __main__ - INFO - Se ha insertado un registro dentro de exusuarios
2024-05-17 15:20:34 - __main__ - INFO - se ha marcado la mac
2024-05-17 15:20:34 - __main__ - INFO - Se ha insertado un registro dentro de exusuarios
2024-05-17 15:20:34 - __main__ - INFO - se ha marcado la mac
2024-05-17 15:20:34 - __main__ - INFO - Se ha insertado un registro dentro de exusuarios
2024-05-17 15:20:34 - __main__ - INFO - se ha marcado la mac
2024-05-17 15:20:34 - __main__ - INFO - Se ha insertado un registro dentro de exusuarios
2024-05-17 15:20:34 - __main__ - INFO - se ha marcado la mac
2024-05-17 15:20:34 - __main__ - INFO - Se ha insertado un registro dentro de exusuarios
2024-05-17 15:20:34 - __main__ - INFO - se ha marcado la mac
2024-05-17 15:20:34 - __main__ - INFO - Se ha insertado un registro dentro de exusuarios
2024-05-17 15:20:34 - __main__ - INFO - se ha marcado la mac
2024-05-17 15:20:34 - __main__ - INFO - Se ha insertado un registro dentro de exusuarios
2024-05-17 15:20:34 - __main__ - INFO - se ha marcado la mac
2024-05-17 15:20:34 - __main__ - INFO - Se ha insertado un registro dentro de exusuarios
2024-05-17 15:20:34 - __main__ - INFO - se ha marcado la mac
2024-05-17 15:20:34 - __main__ - INFO - Se ha insertado un registro dentro de exusuarios
2024-05-17 15:20:34 - __main__ - INFO - se ha marcado la mac
2024-05-17 15:20:34 - __main__ - INFO - Se ha insertado un registro dentro de exusuarios
2024-05-17 15:20:34 - __main__ - INFO - se ha marcado la mac
2024-05-17 15:20:34 - __main__ - INFO - Se ha insertado un registro dentro de exusuarios
2024-05-17 15:20:34 - __main__ - INFO - se ha marcado la mac
2024-05-17 15:20:35 - __main__ - INFO - Se ha insertado un registro dentro de exusuarios
2024-05-17 15:20:35 - __main__ - INFO - se ha marcado la mac
2024-05-17 15:20:35 - __main__ - INFO - Se ha insertado un registro dentro de exusuarios
2024-05-17 15:20:35 - __main__ - INFO - se ha marcado la mac
2024-05-17 15:20:35 - __main__ - INFO - Se ha insertado un registro dentro de exusuarios
2024-05-17 15:20:35 - __main__ - INFO - se ha marcado la mac
2024-05-17 15:20:35 - __main__ - INFO - Se ha insertado un registro dentro de exusuarios
2024-05-17 15:20:35 - __main__ - INFO - se ha marcado la mac
2024-05-17 15:20:35 - __main__ - INFO - Se ha insertado un registro dentro de exusuarios
2024-05-17 15:20:35 - __main__ - INFO - se ha marcado la mac
2024-05-17 15:20:35 - __main__ - INFO - Se ha insertado un registro dentro de exusuarios
2024-05-17 15:20:35 - __main__ - INFO - se ha marcado la mac
2024-05-17 15:20:35 - __main__ - INFO - Se ha insertado un registro dentro de exusuarios
2024-05-17 15:20:35 - __main__ - INFO - se ha marcado la mac
2024-05-17 15:20:35 - __main__ - INFO - Se ha insertado un registro dentro de exusuarios
2024-05-17 15:20:35 - __main__ - INFO - se ha marcado la mac
2024-05-17 15:20:35 - __main__ - INFO - Se ha insertado un registro dentro de exusuarios
2024-05-17 15:20:35 - __main__ - INFO - se ha marcado la mac
2024-05-17 15:20:35 - __main__ - INFO - Se ha insertado un registro dentro de exusuarios
2024-05-17 15:20:35 - __main__ - INFO - se ha marcado la mac
2024-05-17 15:20:35 - __main__ - INFO - Se ha insertado un registro dentro de exusuarios
2024-05-17 15:20:35 - __main__ - INFO - se ha marcado la mac
2024-05-17 15:20:35 - __main__ - INFO - Se ha insertado un registro dentro de exusuarios
2024-05-17 15:20:35 - __main__ - INFO - se ha marcado la mac
2024-05-17 15:20:35 - __main__ - INFO - Se ha insertado un registro dentro de exusuarios
2024-05-17 15:20:35 - __main__ - INFO - se ha marcado la mac
2024-05-17 15:20:35 - __main__ - INFO - Se ha insertado un registro dentro de exusuarios
2024-05-17 15:20:36 - __main__ - INFO - se ha marcado la mac
2024-05-17 15:20:36 - __main__ - INFO - Se ha insertado un registro dentro de exusuarios
2024-05-17 15:20:36 - __main__ - INFO - se ha marcado la mac
2024-05-17 15:20:36 - __main__ - INFO - Se ha insertado un registro dentro de exusuarios
2024-05-17 15:20:36 - __main__ - INFO - se ha marcado la mac
2024-05-17 15:20:36 - __main__ - INFO - Se ha insertado un registro dentro de exusuarios
2024-05-17 15:20:36 - __main__ - INFO - se ha marcado la mac
2024-05-17 15:20:36 - __main__ - INFO - Se ha insertado un registro dentro de exusuarios
2024-05-17 15:20:36 - __main__ - INFO - se ha marcado la mac
2024-05-17 15:20:36 - __main__ - INFO - Se ha insertado un registro dentro de exusuarios
2024-05-17 15:20:36 - __main__ - INFO - se ha marcado la mac
2024-05-17 15:20:36 - __main__ - INFO - Se ha insertado un registro dentro de exusuarios
2024-05-17 15:21:18 - __main__ - INFO - Se borro la velocidad del tc
2024-05-17 15:21:18 - __main__ - INFO - Se borro la marca
2024-05-17 15:21:18 - __main__ - INFO - se puso la segunda marca
2024-05-17 15:21:18 - __main__ - INFO - Se borro el registro
2024-05-17 15:21:18 - __main__ - INFO - Se inserto en antiguos usuarios
2024-05-17 15:23:17 - __main__ - INFO - se ha marcado la mac
2024-05-17 15:23:17 - __main__ - INFO - Se ha insertado un registro dentro de exusuarios
2024-05-17 15:31:04 - __main__ - INFO - se ha marcado la mac
2024-05-17 15:31:04 - __main__ - INFO - Se ha insertado un registro dentro de exusuarios
2024-05-17 15:40:23 - __main__ - INFO - se ha marcado la mac
2024-05-17 15:40:23 - __main__ - INFO - Se ha insertado un registro dentro de exusuarios
2024-05-17 15:59:34 - __main__ - INFO - Se borro la velocidad del tc
2024-05-17 15:59:34 - __main__ - INFO - Se borro la marca
2024-05-17 15:59:34 - __main__ - INFO - se puso la segunda marca
2024-05-17 15:59:34 - __main__ - INFO - Se borro el registro
2024-05-17 15:59:34 - __main__ - INFO - Se inserto en antiguos usuarios
2024-05-17 16:18:54 - __main__ - INFO - No se pudo borrar de trafic control despues de eliminar usuarios
2024-05-17 16:18:54 - __main__ - INFO - Se borro la marca
2024-05-17 16:18:54 - __main__ - INFO - se puso la segunda marca
2024-05-17 16:18:54 - __main__ - INFO - Se borro el registro
2024-05-17 16:18:54 - __main__ - INFO - Se inserto en antiguos usuarios
2024-05-17 16:21:52 - __main__ - INFO - se ha marcado la mac
2024-05-17 16:21:52 - __main__ - INFO - Se ha insertado un registro dentro de exusuarios
2024-05-17 16:33:37 - __main__ - INFO - se ha marcado la mac
2024-05-17 16:33:37 - __main__ - INFO - Se ha insertado un registro dentro de exusuarios
2024-05-17 16:46:08 - __main__ - INFO - YA SE INICIO EL SISTEMA
2024-05-17 16:46:09 - __main__ - INFO - SE BORRO TODO IPTABLES
2024-05-17 16:46:09 - __main__ - INFO - se ejecuto EL ARCHIVO DE IPTABLES
2024-05-17 16:46:10 - __main__ - INFO - se ha ingresado el paquete de tc
2024-05-17 16:46:10 - __main__ - INFO - se ha ingresado el paquete de tc
2024-05-17 16:46:10 - __main__ - INFO - se ha ingresado el paquete de tc
2024-05-17 17:14:18 - __main__ - INFO - YA SE INICIO EL SISTEMA
2024-05-17 17:14:19 - __main__ - INFO - SE BORRO TODO IPTABLES
2024-05-17 17:14:19 - __main__ - INFO - se ejecuto EL ARCHIVO DE IPTABLES
2024-05-17 17:14:20 - __main__ - INFO - se ha ingresado el paquete de tc
2024-05-17 17:14:20 - __main__ - INFO - se ha ingresado el paquete de tc
2024-05-17 17:14:20 - __main__ - INFO - se ha ingresado el paquete de tc
2024-05-17 17:14:26 - __main__ - INFO - Se borro la velocidad del tc
2024-05-17 17:14:26 - __main__ - INFO - Se borro la marca
2024-05-17 17:14:26 - __main__ - INFO - se puso la segunda marca
2024-05-17 17:14:26 - __main__ - INFO - Se borro el registro
2024-05-17 17:14:26 - __main__ - INFO - Se inserto en antiguos usuarios
2024-05-17 17:15:21 - __main__ - INFO - se ha marcado la mac
2024-05-17 17:15:21 - __main__ - INFO - Se ha insertado un registro dentro de exusuarios
2024-05-17 17:46:26 - __main__ - INFO - Se borro la velocidad del tc
2024-05-17 17:46:26 - __main__ - INFO - Se borro la marca
2024-05-17 17:46:26 - __main__ - INFO - se puso la segunda marca
2024-05-17 17:46:26 - __main__ - INFO - Se borro el registro
2024-05-17 17:46:26 - __main__ - INFO - Se inserto en antiguos usuarios
2024-05-17 18:16:11 - __main__ - INFO - YA SE INICIO EL SISTEMA
2024-05-17 18:16:12 - __main__ - INFO - SE BORRO TODO IPTABLES
2024-05-17 18:16:12 - __main__ - INFO - se ejecuto EL ARCHIVO DE IPTABLES
2024-05-17 18:16:14 - __main__ - INFO - se ha ingresado el paquete de tc
2024-05-17 18:16:15 - __main__ - INFO - se ha ingresado el paquete de tc
2024-05-17 18:16:15 - __main__ - INFO - Se borro la velocidad del tc
2024-05-17 18:16:15 - __main__ - INFO - Se borro la marca
2024-05-17 18:16:15 - __main__ - INFO - se puso la segunda marca
2024-05-17 18:16:15 - __main__ - INFO - Se borro el registro
2024-05-17 18:16:15 - __main__ - INFO - Se inserto en antiguos usuarios
2024-05-21 15:14:42 - __main__ - INFO - YA SE INICIO EL SISTEMA
2024-05-21 15:14:43 - __main__ - INFO - SE BORRO TODO IPTABLES
2024-05-21 15:14:43 - __main__ - INFO - se ejecuto EL ARCHIVO DE IPTABLES
2024-05-21 15:14:46 - __main__ - INFO - se ha ingresado el paquete de tc
2024-05-21 15:14:46 - __main__ - INFO - Se borro la velocidad del tc
2024-05-21 15:14:46 - __main__ - INFO - Se borro la marca
2024-05-21 15:14:46 - __main__ - INFO - se puso la segunda marca
2024-05-21 15:14:47 - __main__ - INFO - Se borro el registro
2024-05-21 15:14:47 - __main__ - INFO - Se inserto en antiguos usuarios
2024-05-21 15:52:52 - __main__ - INFO - YA SE INICIO EL SISTEMA
2024-05-21 15:52:52 - __main__ - INFO - SE BORRO TODO IPTABLES
2024-05-21 15:52:52 - __main__ - INFO - se ejecuto EL ARCHIVO DE IPTABLES
2024-05-21 16:25:43 - __main__ - INFO - YA SE INICIO EL SISTEMA
2024-05-21 16:25:43 - __main__ - INFO - SE BORRO TODO IPTABLES
2024-05-21 16:25:44 - __main__ - INFO - se ejecuto EL ARCHIVO DE IPTABLES
2024-05-21 16:28:10 - __main__ - INFO - YA SE INICIO EL SISTEMA
2024-05-21 16:28:10 - __main__ - INFO - SE BORRO TODO IPTABLES
2024-05-21 16:28:10 - __main__ - INFO - se ejecuto EL ARCHIVO DE IPTABLES
2024-05-21 16:28:39 - __main__ - INFO - YA SE INICIO EL SISTEMA
2024-05-21 16:28:39 - __main__ - INFO - SE BORRO TODO IPTABLES
2024-05-21 16:28:39 - __main__ - INFO - se ejecuto EL ARCHIVO DE IPTABLES
2024-05-21 16:39:45 - __main__ - INFO - YA SE INICIO EL SISTEMA
2024-05-21 16:39:45 - __main__ - INFO - SE BORRO TODO IPTABLES
2024-05-21 16:39:45 - __main__ - INFO - se ejecuto EL ARCHIVO DE IPTABLES
2024-05-21 16:47:33 - __main__ - INFO - YA SE INICIO EL SISTEMA
2024-05-21 16:47:33 - __main__ - INFO - SE BORRO TODO IPTABLES
2024-05-21 16:47:33 - __main__ - INFO - se ejecuto EL ARCHIVO DE IPTABLES
2024-05-21 16:48:51 - __main__ - INFO - YA SE INICIO EL SISTEMA
2024-05-21 16:48:51 - __main__ - INFO - SE BORRO TODO IPTABLES
2024-05-21 16:48:51 - __main__ - INFO - se ejecuto EL ARCHIVO DE IPTABLES
2024-05-21 16:53:24 - __main__ - INFO - YA SE INICIO EL SISTEMA
2024-05-21 16:53:25 - __main__ - INFO - SE BORRO TODO IPTABLES
2024-05-21 16:53:25 - __main__ - INFO - se ejecuto EL ARCHIVO DE IPTABLES
2024-05-21 16:55:09 - __main__ - INFO - YA SE INICIO EL SISTEMA
2024-05-21 16:55:09 - __main__ - INFO - SE BORRO TODO IPTABLES
2024-05-21 16:55:09 - __main__ - INFO - se ejecuto EL ARCHIVO DE IPTABLES
2024-05-21 16:57:15 - __main__ - INFO - YA SE INICIO EL SISTEMA
2024-05-21 16:57:15 - __main__ - INFO - SE BORRO TODO IPTABLES
2024-05-21 16:57:15 - __main__ - INFO - se ejecuto EL ARCHIVO DE IPTABLES
2024-05-21 16:58:31 - __main__ - INFO - YA SE INICIO EL SISTEMA
2024-05-21 16:58:31 - __main__ - INFO - SE BORRO TODO IPTABLES
2024-05-21 16:58:31 - __main__ - INFO - se ejecuto EL ARCHIVO DE IPTABLES
2024-05-21 16:59:30 - __main__ - INFO - se ha marcado la mac
2024-05-21 16:59:30 - __main__ - INFO - Se ha insertado un registro dentro de exusuarios
2024-05-21 17:36:37 - __main__ - INFO - YA SE INICIO EL SISTEMA
2024-05-21 17:36:37 - __main__ - INFO - SE BORRO TODO IPTABLES
2024-05-21 17:36:37 - __main__ - INFO - se ejecuto EL ARCHIVO DE IPTABLES
2024-05-21 17:36:38 - __main__ - INFO - se ha ingresado el paquete de tc
2024-05-21 17:42:31 - __main__ - INFO - YA SE INICIO EL SISTEMA
2024-05-21 17:42:31 - __main__ - INFO - SE BORRO TODO IPTABLES
2024-05-21 17:42:31 - __main__ - INFO - se ejecuto EL ARCHIVO DE IPTABLES
2024-05-21 17:42:32 - __main__ - INFO - se ha ingresado el paquete de tc
2024-05-21 17:45:01 - __main__ - INFO - YA SE INICIO EL SISTEMA
2024-05-21 17:45:01 - __main__ - INFO - SE BORRO TODO IPTABLES
2024-05-21 17:45:01 - __main__ - INFO - se ejecuto EL ARCHIVO DE IPTABLES
2024-05-21 17:45:02 - __main__ - INFO - se ha ingresado el paquete de tc
2024-05-21 17:48:16 - __main__ - INFO - YA SE INICIO EL SISTEMA
2024-05-21 17:48:17 - __main__ - INFO - SE BORRO TODO IPTABLES
2024-05-21 17:48:17 - __main__ - INFO - se ejecuto EL ARCHIVO DE IPTABLES
2024-05-21 17:48:18 - __main__ - INFO - se ha ingresado el paquete de tc
2024-05-21 17:50:56 - __main__ - INFO - YA SE INICIO EL SISTEMA
2024-05-21 17:50:57 - __main__ - INFO - SE BORRO TODO IPTABLES
2024-05-21 17:50:57 - __main__ - INFO - se ejecuto EL ARCHIVO DE IPTABLES
2024-05-21 17:50:58 - __main__ - INFO - se ha ingresado el paquete de tc
2024-05-21 17:53:16 - __main__ - INFO - YA SE INICIO EL SISTEMA
2024-05-21 17:53:16 - __main__ - INFO - SE BORRO TODO IPTABLES
2024-05-21 17:53:16 - __main__ - INFO - se ejecuto EL ARCHIVO DE IPTABLES
2024-05-21 17:53:17 - __main__ - INFO - se ha ingresado el paquete de tc
2024-05-21 17:59:30 - __main__ - INFO - Se borro la velocidad del tc
2024-05-21 17:59:30 - __main__ - INFO - Se borro la marca
2024-05-21 17:59:30 - __main__ - INFO - se puso la segunda marca
2024-05-21 17:59:30 - __main__ - INFO - Se borro el registro
2024-05-21 17:59:30 - __main__ - INFO - Se inserto en antiguos usuarios
2024-05-21 18:15:11 - __main__ - INFO - se ha marcado la mac
2024-05-21 18:15:11 - __main__ - INFO - Se ha insertado un registro dentro de exusuarios
